E, [2021-08-19T22:24:23.295948 #30412] ERROR -- : 
Configuration[mode] has to be 'sandbox' or 'live'!
Configuration[bundle_mode] has to be 'offline' or 'online'!
Configuration[cache_expiry_period] has to be a number!
Configuration[disable_cache] has to be a 'true' or 'false'!

E, [2021-08-19T22:27:11.311620 #32011] ERROR -- : 
Configuration[mode] has to be 'sandbox' or 'live'!
Configuration[bundle_mode] has to be 'offline' or 'online'!
Configuration[cache_expiry_period] has to be a number!
Configuration[disable_cache] has to be a 'true' or 'false'!

E, [2021-08-19T22:27:57.596378 #32438] ERROR -- : 
Configuration[mode] has to be 'sandbox' or 'live'!
Configuration[bundle_mode] has to be 'offline' or 'online'!
Configuration[cache_expiry_period] has to be a number!
Configuration[disable_cache] has to be a 'true' or 'false'!

E, [2021-08-19T22:28:18.604596 #32663] ERROR -- : 
Configuration[mode] has to be 'sandbox' or 'live'!
Configuration[bundle_mode] has to be 'offline' or 'online'!
Configuration[cache_expiry_period] has to be a number!
Configuration[disable_cache] has to be a 'true' or 'false'!

E, [2021-08-19T22:28:53.513593 #33058] ERROR -- : 
Configuration[mode] has to be 'sandbox' or 'live'!
Configuration[bundle_mode] has to be 'offline' or 'online'!
Configuration[cache_expiry_period] has to be a number!
Configuration[disable_cache] has to be a 'true' or 'false'!

E, [2021-08-19T22:29:56.050111 #35194] ERROR -- : 
Configuration[mode] has to be 'sandbox' or 'live'!
Configuration[bundle_mode] has to be 'offline' or 'online'!
Configuration[cache_expiry_period] has to be a number!
Configuration[disable_cache] has to be a 'true' or 'false'!

E, [2021-08-19T22:30:54.798674 #35725] ERROR -- : 
Configuration[mode] has to be 'sandbox' or 'live'!
Configuration[bundle_mode] has to be 'offline' or 'online'!
Configuration[cache_expiry_period] has to be a number!
Configuration[disable_cache] has to be a 'true' or 'false'!

E, [2021-08-19T22:31:29.893217 #36065] ERROR -- : 
Configuration[mode] has to be 'sandbox' or 'live'!
Configuration[bundle_mode] has to be 'offline' or 'online'!
Configuration[cache_expiry_period] has to be a number!
Configuration[disable_cache] has to be a 'true' or 'false'!

E, [2021-08-19T22:33:04.697268 #37484] ERROR -- : 
Configuration[mode] has to be 'sandbox' or 'live'!
Configuration[bundle_mode] has to be 'offline' or 'online'!
Configuration[cache_expiry_period] has to be a number!
Configuration[disable_cache] has to be a 'true' or 'false'!

E, [2021-08-19T22:34:44.344810 #39839] ERROR -- : 
Configuration[mode] has to be 'sandbox' or 'live'!
Configuration[bundle_mode] has to be 'offline' or 'online'!
Configuration[cache_expiry_period] has to be a number!
Configuration[disable_cache] has to be a 'true' or 'false'!

E, [2021-08-19T22:36:40.859514 #41414] ERROR -- : 
Configuration[mode] has to be 'sandbox' or 'live'!
Configuration[bundle_mode] has to be 'offline' or 'online'!
Configuration[cache_expiry_period] has to be a number!
Configuration[disable_cache] has to be a 'true' or 'false'!

E, [2021-08-19T22:37:41.478514 #42000] ERROR -- : 
Configuration[mode] has to be 'sandbox' or 'live'!
Configuration[bundle_mode] has to be 'offline' or 'online'!
Configuration[cache_expiry_period] has to be a number!
Configuration[disable_cache] has to be a 'true' or 'false'!

E, [2021-08-19T22:38:17.108889 #42399] ERROR -- : 
Configuration[mode] has to be 'sandbox' or 'live'!
Configuration[bundle_mode] has to be 'offline' or 'online'!
Configuration[cache_expiry_period] has to be a number!
Configuration[disable_cache] has to be a 'true' or 'false'!

E, [2021-08-19T22:38:26.766403 #42526] ERROR -- : 
Configuration[mode] has to be 'sandbox' or 'live'!
Configuration[bundle_mode] has to be 'offline' or 'online'!
Configuration[cache_expiry_period] has to be a number!
Configuration[disable_cache] has to be a 'true' or 'false'!

E, [2021-08-20T16:52:14.911550 #24990] ERROR -- : 
Configuration[mode] has to be 'sandbox' or 'live'!
Configuration[bundle_mode] has to be 'offline' or 'online'!
Configuration[cache_expiry_period] has to be a number!
Configuration[disable_cache] has to be a 'true' or 'false'!

E, [2021-08-20T16:54:38.059146 #29524] ERROR -- : 
Configuration[mode] has to be 'sandbox' or 'live'!
Configuration[bundle_mode] has to be 'offline' or 'online'!
Configuration[cache_expiry_period] has to be a number!
Configuration[disable_cache] has to be a 'true' or 'false'!

E, [2021-08-20T16:55:03.591195 #29829] ERROR -- : 
Configuration[mode] has to be 'sandbox' or 'live'!
Configuration[bundle_mode] has to be 'offline' or 'online'!
Configuration[cache_expiry_period] has to be a number!
Configuration[disable_cache] has to be a 'true' or 'false'!

E, [2021-08-20T16:56:25.302236 #30564] ERROR -- : 
Configuration[mode] has to be 'sandbox' or 'live'!
Configuration[bundle_mode] has to be 'offline' or 'online'!
Configuration[cache_expiry_period] has to be a number!
Configuration[disable_cache] has to be a 'true' or 'false'!

E, [2021-08-20T17:00:24.821180 #32861] ERROR -- : 
Configuration[mode] has to be 'sandbox' or 'live'!
Configuration[bundle_mode] has to be 'offline' or 'online'!
Configuration[cache_expiry_period] has to be a number!
Configuration[disable_cache] has to be a 'true' or 'false'!

E, [2021-08-20T17:01:08.784909 #33290] ERROR -- : 
Configuration[mode] has to be 'sandbox' or 'live'!
Configuration[bundle_mode] has to be 'offline' or 'online'!
Configuration[cache_expiry_period] has to be a number!
Configuration[disable_cache] has to be a 'true' or 'false'!

E, [2021-08-20T17:20:05.026736 #46825] ERROR -- : 
Configuration[mode] has to be 'sandbox' or 'live'!
Configuration[bundle_mode] has to be 'offline' or 'online'!
Configuration[cache_expiry_period] has to be a number!
Configuration[disable_cache] has to be a 'true' or 'false'!

E, [2021-08-20T17:21:14.624763 #47476] ERROR -- : 
Configuration[mode] has to be 'sandbox' or 'live'!
Configuration[bundle_mode] has to be 'offline' or 'online'!
Configuration[cache_expiry_period] has to be a number!
Configuration[disable_cache] has to be a 'true' or 'false'!

E, [2021-08-20T17:21:51.525636 #47895] ERROR -- : 
Configuration[mode] has to be 'sandbox' or 'live'!
Configuration[bundle_mode] has to be 'offline' or 'online'!
Configuration[cache_expiry_period] has to be a number!
Configuration[disable_cache] has to be a 'true' or 'false'!

E, [2021-08-20T17:22:15.479565 #48126] ERROR -- : 
Configuration[mode] has to be 'sandbox' or 'live'!
Configuration[bundle_mode] has to be 'offline' or 'online'!
Configuration[cache_expiry_period] has to be a number!
Configuration[disable_cache] has to be a 'true' or 'false'!

E, [2021-08-20T17:23:26.027744 #50464] ERROR -- : 
Configuration[mode] has to be 'sandbox' or 'live'!
Configuration[bundle_mode] has to be 'offline' or 'online'!
Configuration[cache_expiry_period] has to be a number!
Configuration[disable_cache] has to be a 'true' or 'false'!

E, [2021-08-20T17:24:45.559032 #51184] ERROR -- : 
Configuration[mode] has to be 'sandbox' or 'live'!
Configuration[bundle_mode] has to be 'offline' or 'online'!
Configuration[cache_expiry_period] has to be a number!
Configuration[disable_cache] has to be a 'true' or 'false'!

E, [2021-08-20T17:25:27.061577 #51856] ERROR -- : 
Configuration[mode] has to be 'sandbox' or 'live'!
Configuration[bundle_mode] has to be 'offline' or 'online'!
Configuration[cache_expiry_period] has to be a number!
Configuration[disable_cache] has to be a 'true' or 'false'!

E, [2021-08-20T17:26:29.133528 #52454] ERROR -- : 
Configuration[mode] has to be 'sandbox' or 'live'!
Configuration[bundle_mode] has to be 'offline' or 'online'!
Configuration[cache_expiry_period] has to be a number!
Configuration[disable_cache] has to be a 'true' or 'false'!

E, [2021-08-20T20:08:13.147746 #59487] ERROR -- : 
Configuration[mode] has to be 'sandbox' or 'live'!
Configuration[bundle_mode] has to be 'offline' or 'online'!
Configuration[cache_expiry_period] has to be a number!
Configuration[disable_cache] has to be a 'true' or 'false'!

E, [2021-08-20T20:12:54.900687 #62154] ERROR -- : 
Configuration[mode] has to be 'sandbox' or 'live'!
Configuration[bundle_mode] has to be 'offline' or 'online'!
Configuration[cache_expiry_period] has to be a number!
Configuration[disable_cache] has to be a 'true' or 'false'!

E, [2021-08-20T20:13:04.885302 #62281] ERROR -- : 
Configuration[mode] has to be 'sandbox' or 'live'!
Configuration[bundle_mode] has to be 'offline' or 'online'!
Configuration[cache_expiry_period] has to be a number!
Configuration[disable_cache] has to be a 'true' or 'false'!

E, [2021-08-20T20:13:11.285964 #62329] ERROR -- : 
Configuration[mode] has to be 'sandbox' or 'live'!
Configuration[bundle_mode] has to be 'offline' or 'online'!
Configuration[cache_expiry_period] has to be a number!
Configuration[disable_cache] has to be a 'true' or 'false'!

E, [2021-08-20T20:25:44.187045 #70893] ERROR -- : 
Configuration[mode] has to be 'sandbox' or 'live'!
Configuration[bundle_mode] has to be 'offline' or 'online'!
Configuration[cache_expiry_period] has to be a number!
Configuration[disable_cache] has to be a 'true' or 'false'!

E, [2021-08-20T20:28:39.468359 #77274] ERROR -- : 
Configuration[mode] has to be 'sandbox' or 'live'!
Configuration[bundle_mode] has to be 'offline' or 'online'!
Configuration[cache_expiry_period] has to be a number!
Configuration[disable_cache] has to be a 'true' or 'false'!

E, [2021-08-23T16:22:13.874156 #420] ERROR -- : 
Configuration[mode] has to be 'sandbox' or 'live'!
Configuration[bundle_mode] has to be 'offline' or 'online'!
Configuration[cache_expiry_period] has to be a number!
Configuration[disable_cache] has to be a 'true' or 'false'!

E, [2021-08-23T16:24:12.573232 #3352] ERROR -- : 
Configuration[mode] has to be 'sandbox' or 'live'!
Configuration[bundle_mode] has to be 'offline' or 'online'!
Configuration[cache_expiry_period] has to be a number!
Configuration[disable_cache] has to be a 'true' or 'false'!

E, [2021-08-23T16:24:46.529172 #3764] ERROR -- : 
Configuration[mode] has to be 'sandbox' or 'live'!
Configuration[bundle_mode] has to be 'offline' or 'online'!
Configuration[cache_expiry_period] has to be a number!
Configuration[disable_cache] has to be a 'true' or 'false'!

E, [2021-08-23T16:26:46.642619 #4924] ERROR -- : 
Configuration[mode] has to be 'sandbox' or 'live'!
Configuration[bundle_mode] has to be 'offline' or 'online'!
Configuration[cache_expiry_period] has to be a number!
Configuration[disable_cache] has to be a 'true' or 'false'!

E, [2021-08-23T16:27:34.334530 #5408] ERROR -- : 
Configuration[mode] has to be 'sandbox' or 'live'!
Configuration[bundle_mode] has to be 'offline' or 'online'!
Configuration[cache_expiry_period] has to be a number!
Configuration[disable_cache] has to be a 'true' or 'false'!

E, [2021-08-23T16:27:51.429871 #5567] ERROR -- : 
Configuration[mode] has to be 'sandbox' or 'live'!
Configuration[bundle_mode] has to be 'offline' or 'online'!
Configuration[cache_expiry_period] has to be a number!
Configuration[disable_cache] has to be a 'true' or 'false'!

E, [2021-08-23T16:28:17.857873 #5879] ERROR -- : 
Configuration[mode] has to be 'sandbox' or 'live'!
Configuration[bundle_mode] has to be 'offline' or 'online'!
Configuration[cache_expiry_period] has to be a number!
Configuration[disable_cache] has to be a 'true' or 'false'!

E, [2021-08-25T12:48:18.485501 #18041] ERROR -- : 
Configuration[mode] has to be 'sandbox' or 'live'!
Configuration[bundle_mode] has to be 'offline' or 'online'!
Configuration[cache_expiry_period] has to be a number!
Configuration[disable_cache] has to be a 'true' or 'false'!

E, [2021-08-25T12:49:47.459995 #18863] ERROR -- : 
Configuration[mode] has to be 'sandbox' or 'live'!
Configuration[bundle_mode] has to be 'offline' or 'online'!
Configuration[cache_expiry_period] has to be a number!
Configuration[disable_cache] has to be a 'true' or 'false'!

E, [2021-08-25T12:49:54.910141 #18982] ERROR -- : 
Configuration[mode] has to be 'sandbox' or 'live'!
Configuration[bundle_mode] has to be 'offline' or 'online'!
Configuration[cache_expiry_period] has to be a number!
Configuration[disable_cache] has to be a 'true' or 'false'!

E, [2021-08-25T12:52:02.867573 #20227] ERROR -- : 
Configuration[mode] has to be 'sandbox' or 'live'!
Configuration[bundle_mode] has to be 'offline' or 'online'!
Configuration[cache_expiry_period] has to be a number!
Configuration[disable_cache] has to be a 'true' or 'false'!

E, [2021-08-25T12:52:37.157138 #22114] ERROR -- : 
Configuration[mode] has to be 'sandbox' or 'live'!
Configuration[bundle_mode] has to be 'offline' or 'online'!
Configuration[cache_expiry_period] has to be a number!
Configuration[disable_cache] has to be a 'true' or 'false'!

E, [2021-08-25T12:52:47.911338 #22250] ERROR -- : 
Configuration[mode] has to be 'sandbox' or 'live'!
Configuration[bundle_mode] has to be 'offline' or 'online'!
Configuration[cache_expiry_period] has to be a number!
Configuration[disable_cache] has to be a 'true' or 'false'!

E, [2021-08-25T12:54:34.583609 #23298] ERROR -- : 
Configuration[mode] has to be 'sandbox' or 'live'!
Configuration[bundle_mode] has to be 'offline' or 'online'!
Configuration[cache_expiry_period] has to be a number!
Configuration[disable_cache] has to be a 'true' or 'false'!

E, [2021-08-25T12:54:42.102546 #23361] ERROR -- : 
Configuration[mode] has to be 'sandbox' or 'live'!
Configuration[bundle_mode] has to be 'offline' or 'online'!
Configuration[cache_expiry_period] has to be a number!
Configuration[disable_cache] has to be a 'true' or 'false'!

E, [2021-08-25T12:54:53.450346 #23516] ERROR -- : 
Configuration[mode] has to be 'sandbox' or 'live'!
Configuration[bundle_mode] has to be 'offline' or 'online'!
Configuration[cache_expiry_period] has to be a number!
Configuration[disable_cache] has to be a 'true' or 'false'!

E, [2021-08-25T12:55:23.480636 #23885] ERROR -- : 
Configuration[mode] has to be 'sandbox' or 'live'!
Configuration[bundle_mode] has to be 'offline' or 'online'!
Configuration[cache_expiry_period] has to be a number!
Configuration[disable_cache] has to be a 'true' or 'false'!

E, [2021-08-25T12:58:17.861084 #25551] ERROR -- : 
Configuration[mode] has to be 'sandbox' or 'live'!
Configuration[bundle_mode] has to be 'offline' or 'online'!
Configuration[cache_expiry_period] has to be a number!
Configuration[disable_cache] has to be a 'true' or 'false'!

E, [2021-08-25T13:01:44.847168 #28800] ERROR -- : 
Configuration[mode] has to be 'sandbox' or 'live'!
Configuration[bundle_mode] has to be 'offline' or 'online'!
Configuration[cache_expiry_period] has to be a number!
Configuration[disable_cache] has to be a 'true' or 'false'!

E, [2021-08-25T13:02:11.209355 #29061] ERROR -- : 
Configuration[mode] has to be 'sandbox' or 'live'!
Configuration[bundle_mode] has to be 'offline' or 'online'!
Configuration[cache_expiry_period] has to be a number!
Configuration[disable_cache] has to be a 'true' or 'false'!

E, [2021-08-25T13:04:18.018624 #31887] ERROR -- : 
Configuration[mode] has to be 'sandbox' or 'live'!
Configuration[bundle_mode] has to be 'offline' or 'online'!
Configuration[cache_expiry_period] has to be a number!
Configuration[disable_cache] has to be a 'true' or 'false'!

E, [2021-08-25T13:04:26.835263 #31998] ERROR -- : 
Configuration[mode] has to be 'sandbox' or 'live'!
Configuration[bundle_mode] has to be 'offline' or 'online'!
Configuration[cache_expiry_period] has to be a number!
Configuration[disable_cache] has to be a 'true' or 'false'!

E, [2021-08-25T13:05:01.611573 #32354] ERROR -- : 
Configuration[mode] has to be 'sandbox' or 'live'!
Configuration[bundle_mode] has to be 'offline' or 'online'!
Configuration[cache_expiry_period] has to be a number!
Configuration[disable_cache] has to be a 'true' or 'false'!

E, [2021-08-25T13:05:47.287997 #32870] ERROR -- : 
Configuration[mode] has to be 'sandbox' or 'live'!
Configuration[bundle_mode] has to be 'offline' or 'online'!
Configuration[cache_expiry_period] has to be a number!
Configuration[disable_cache] has to be a 'true' or 'false'!

E, [2021-08-25T13:07:08.482991 #33594] ERROR -- : 
Configuration[mode] has to be 'sandbox' or 'live'!
Configuration[bundle_mode] has to be 'offline' or 'online'!
Configuration[cache_expiry_period] has to be a number!
Configuration[disable_cache] has to be a 'true' or 'false'!

E, [2021-08-25T13:07:28.149346 #33816] ERROR -- : 
Configuration[mode] has to be 'sandbox' or 'live'!
Configuration[bundle_mode] has to be 'offline' or 'online'!
Configuration[cache_expiry_period] has to be a number!
Configuration[disable_cache] has to be a 'true' or 'false'!

E, [2021-08-25T13:08:19.606579 #34347] ERROR -- : 
Configuration[mode] has to be 'sandbox' or 'live'!
Configuration[bundle_mode] has to be 'offline' or 'online'!
Configuration[cache_expiry_period] has to be a number!
Configuration[disable_cache] has to be a 'true' or 'false'!

E, [2021-08-25T13:11:44.450582 #36278] ERROR -- : 
Configuration[mode] has to be 'sandbox' or 'live'!
Configuration[bundle_mode] has to be 'offline' or 'online'!
Configuration[cache_expiry_period] has to be a number!
Configuration[disable_cache] has to be a 'true' or 'false'!

E, [2021-08-25T13:12:42.246044 #36812] ERROR -- : 
Configuration[mode] has to be 'sandbox' or 'live'!
Configuration[bundle_mode] has to be 'offline' or 'online'!
Configuration[cache_expiry_period] has to be a number!
Configuration[disable_cache] has to be a 'true' or 'false'!

E, [2021-08-25T13:13:36.136044 #37382] ERROR -- : 
Configuration[mode] has to be 'sandbox' or 'live'!
Configuration[bundle_mode] has to be 'offline' or 'online'!
Configuration[cache_expiry_period] has to be a number!
Configuration[disable_cache] has to be a 'true' or 'false'!

E, [2021-08-25T13:15:30.746927 #40043] ERROR -- : 
Configuration[mode] has to be 'sandbox' or 'live'!
Configuration[bundle_mode] has to be 'offline' or 'online'!
Configuration[cache_expiry_period] has to be a number!
Configuration[disable_cache] has to be a 'true' or 'false'!

E, [2021-08-25T14:05:53.226326 #65851] ERROR -- : 
Configuration[mode] has to be 'sandbox' or 'live'!
Configuration[bundle_mode] has to be 'offline' or 'online'!
Configuration[cache_expiry_period] has to be a number!
Configuration[disable_cache] has to be a 'true' or 'false'!

E, [2021-08-25T14:10:50.272524 #70275] ERROR -- : 
Configuration[mode] has to be 'sandbox' or 'live'!
Configuration[bundle_mode] has to be 'offline' or 'online'!
Configuration[cache_expiry_period] has to be a number!
Configuration[disable_cache] has to be a 'true' or 'false'!

E, [2021-08-25T14:11:50.655344 #70865] ERROR -- : 
Configuration[mode] has to be 'sandbox' or 'live'!
Configuration[bundle_mode] has to be 'offline' or 'online'!
Configuration[cache_expiry_period] has to be a number!
Configuration[disable_cache] has to be a 'true' or 'false'!

E, [2021-08-25T14:12:23.909441 #71194] ERROR -- : 
Configuration[mode] has to be 'sandbox' or 'live'!
Configuration[bundle_mode] has to be 'offline' or 'online'!
Configuration[cache_expiry_period] has to be a number!
Configuration[disable_cache] has to be a 'true' or 'false'!

E, [2021-08-25T14:12:51.888385 #71519] ERROR -- : 
Configuration[mode] has to be 'sandbox' or 'live'!
Configuration[bundle_mode] has to be 'offline' or 'online'!
Configuration[cache_expiry_period] has to be a number!
Configuration[disable_cache] has to be a 'true' or 'false'!

E, [2021-08-25T14:13:12.783527 #71763] ERROR -- : 
Configuration[mode] has to be 'sandbox' or 'live'!
Configuration[bundle_mode] has to be 'offline' or 'online'!
Configuration[cache_expiry_period] has to be a number!
Configuration[disable_cache] has to be a 'true' or 'false'!

E, [2021-08-25T14:14:05.422576 #72298] ERROR -- : 
Configuration[mode] has to be 'sandbox' or 'live'!
Configuration[bundle_mode] has to be 'offline' or 'online'!
Configuration[cache_expiry_period] has to be a number!
Configuration[disable_cache] has to be a 'true' or 'false'!

E, [2021-08-25T14:14:26.017174 #72526] ERROR -- : 
Configuration[mode] has to be 'sandbox' or 'live'!
Configuration[bundle_mode] has to be 'offline' or 'online'!
Configuration[cache_expiry_period] has to be a number!
Configuration[disable_cache] has to be a 'true' or 'false'!

E, [2021-08-25T16:37:38.138515 #3019] ERROR -- : 
Configuration[mode] has to be 'sandbox' or 'live'!
Configuration[bundle_mode] has to be 'offline' or 'online'!
Configuration[cache_expiry_period] has to be a number!
Configuration[disable_cache] has to be a 'true' or 'false'!

