I, [2021-08-19T22:24:23.293182 #30412]  INFO -- : Current mode is: sandbox
D, [2021-08-19T22:24:23.293249 #30412] DEBUG -- : Initialize cache......
D, [2021-08-19T22:24:23.293273 #30412] DEBUG -- : Cache is enabled!
D, [2021-08-19T22:24:23.294098 #30412] DEBUG -- : -----------Start to validate configuration's setting itmes-----------
D, [2021-08-19T22:24:23.294159 #30412] DEBUG -- : -----------End  to  validate configuration's setting itmes-----------
I, [2021-08-19T22:24:23.294260 #30412]  INFO -- : Current mode is: sandbox
D, [2021-08-19T22:24:23.294300 #30412] DEBUG -- : Initialize cache......
D, [2021-08-19T22:24:23.294322 #30412] DEBUG -- : Cache is enabled!
D, [2021-08-19T22:24:23.295749 #30412] DEBUG -- : -----------Start to validate configuration's setting itmes-----------
I, [2021-08-19T22:24:23.296069 #30412]  INFO -- : Current mode is: sandbox1
I, [2021-08-19T22:27:11.308488 #32011]  INFO -- : Current mode is: sandbox
D, [2021-08-19T22:27:11.308795 #32011] DEBUG -- : Initialize cache......
D, [2021-08-19T22:27:11.308838 #32011] DEBUG -- : Cache is enabled!
D, [2021-08-19T22:27:11.309776 #32011] DEBUG -- : -----------Start to validate configuration's setting itmes-----------
D, [2021-08-19T22:27:11.309835 #32011] DEBUG -- : -----------End  to  validate configuration's setting itmes-----------
I, [2021-08-19T22:27:11.309950 #32011]  INFO -- : Current mode is: sandbox
D, [2021-08-19T22:27:11.309985 #32011] DEBUG -- : Initialize cache......
D, [2021-08-19T22:27:11.310007 #32011] DEBUG -- : Cache is enabled!
D, [2021-08-19T22:27:11.311460 #32011] DEBUG -- : -----------Start to validate configuration's setting itmes-----------
I, [2021-08-19T22:27:11.312049 #32011]  INFO -- : Current mode is: sandbox1
I, [2021-08-19T22:27:57.592615 #32438]  INFO -- : Current mode is: sandbox
D, [2021-08-19T22:27:57.592941 #32438] DEBUG -- : Initialize cache......
D, [2021-08-19T22:27:57.592968 #32438] DEBUG -- : Cache is enabled!
D, [2021-08-19T22:27:57.594681 #32438] DEBUG -- : -----------Start to validate configuration's setting itmes-----------
D, [2021-08-19T22:27:57.594749 #32438] DEBUG -- : -----------End  to  validate configuration's setting itmes-----------
I, [2021-08-19T22:27:57.594843 #32438]  INFO -- : Current mode is: sandbox
D, [2021-08-19T22:27:57.594870 #32438] DEBUG -- : Initialize cache......
D, [2021-08-19T22:27:57.594888 #32438] DEBUG -- : Cache is enabled!
D, [2021-08-19T22:27:57.596257 #32438] DEBUG -- : -----------Start to validate configuration's setting itmes-----------
I, [2021-08-19T22:27:57.596770 #32438]  INFO -- : Current mode is: sandbox1
I, [2021-08-19T22:28:18.601655 #32663]  INFO -- : Current mode is: sandbox
D, [2021-08-19T22:28:18.602019 #32663] DEBUG -- : Initialize cache......
D, [2021-08-19T22:28:18.602062 #32663] DEBUG -- : Cache is enabled!
D, [2021-08-19T22:28:18.602918 #32663] DEBUG -- : -----------Start to validate configuration's setting itmes-----------
D, [2021-08-19T22:28:18.602970 #32663] DEBUG -- : -----------End  to  validate configuration's setting itmes-----------
I, [2021-08-19T22:28:18.603076 #32663]  INFO -- : Current mode is: sandbox
D, [2021-08-19T22:28:18.603110 #32663] DEBUG -- : Initialize cache......
D, [2021-08-19T22:28:18.603132 #32663] DEBUG -- : Cache is enabled!
D, [2021-08-19T22:28:18.604471 #32663] DEBUG -- : -----------Start to validate configuration's setting itmes-----------
I, [2021-08-19T22:28:18.604989 #32663]  INFO -- : Current mode is: sandbox1
I, [2021-08-19T22:28:53.511004 #33058]  INFO -- : Current mode is: sandbox
D, [2021-08-19T22:28:53.511050 #33058] DEBUG -- : Initialize cache......
D, [2021-08-19T22:28:53.511074 #33058] DEBUG -- : Cache is enabled!
D, [2021-08-19T22:28:53.511823 #33058] DEBUG -- : -----------Start to validate configuration's setting itmes-----------
D, [2021-08-19T22:28:53.511872 #33058] DEBUG -- : -----------End  to  validate configuration's setting itmes-----------
I, [2021-08-19T22:28:53.512056 #33058]  INFO -- : Current mode is: sandbox
D, [2021-08-19T22:28:53.512104 #33058] DEBUG -- : Initialize cache......
D, [2021-08-19T22:28:53.512130 #33058] DEBUG -- : Cache is enabled!
D, [2021-08-19T22:28:53.513455 #33058] DEBUG -- : -----------Start to validate configuration's setting itmes-----------
I, [2021-08-19T22:28:53.513691 #33058]  INFO -- : Current mode is: sandbox1
I, [2021-08-19T22:29:56.046899 #35194]  INFO -- : Current mode is: sandbox
D, [2021-08-19T22:29:56.047259 #35194] DEBUG -- : Initialize cache......
D, [2021-08-19T22:29:56.047306 #35194] DEBUG -- : Cache is enabled!
D, [2021-08-19T22:29:56.048241 #35194] DEBUG -- : -----------Start to validate configuration's setting itmes-----------
D, [2021-08-19T22:29:56.048300 #35194] DEBUG -- : -----------End  to  validate configuration's setting itmes-----------
I, [2021-08-19T22:29:56.048407 #35194]  INFO -- : Current mode is: sandbox
D, [2021-08-19T22:29:56.048450 #35194] DEBUG -- : Initialize cache......
D, [2021-08-19T22:29:56.048473 #35194] DEBUG -- : Cache is enabled!
D, [2021-08-19T22:29:56.049974 #35194] DEBUG -- : -----------Start to validate configuration's setting itmes-----------
I, [2021-08-19T22:29:56.050507 #35194]  INFO -- : Current mode is: sandbox1
I, [2021-08-19T22:30:54.795785 #35725]  INFO -- : Current mode is: sandbox
D, [2021-08-19T22:30:54.796150 #35725] DEBUG -- : Initialize cache......
D, [2021-08-19T22:30:54.796178 #35725] DEBUG -- : Cache is enabled!
D, [2021-08-19T22:30:54.797123 #35725] DEBUG -- : -----------Start to validate configuration's setting itmes-----------
D, [2021-08-19T22:30:54.797182 #35725] DEBUG -- : -----------End  to  validate configuration's setting itmes-----------
I, [2021-08-19T22:30:54.797284 #35725]  INFO -- : Current mode is: sandbox
D, [2021-08-19T22:30:54.797311 #35725] DEBUG -- : Initialize cache......
D, [2021-08-19T22:30:54.797331 #35725] DEBUG -- : Cache is enabled!
D, [2021-08-19T22:30:54.798564 #35725] DEBUG -- : -----------Start to validate configuration's setting itmes-----------
I, [2021-08-19T22:30:54.799023 #35725]  INFO -- : Current mode is: sandbox1
I, [2021-08-19T22:31:29.890613 #36065]  INFO -- : Current mode is: sandbox
D, [2021-08-19T22:31:29.890962 #36065] DEBUG -- : Initialize cache......
D, [2021-08-19T22:31:29.891028 #36065] DEBUG -- : Cache is enabled!
D, [2021-08-19T22:31:29.891737 #36065] DEBUG -- : -----------Start to validate configuration's setting itmes-----------
D, [2021-08-19T22:31:29.891791 #36065] DEBUG -- : -----------End  to  validate configuration's setting itmes-----------
I, [2021-08-19T22:31:29.891877 #36065]  INFO -- : Current mode is: sandbox
D, [2021-08-19T22:31:29.891904 #36065] DEBUG -- : Initialize cache......
D, [2021-08-19T22:31:29.891934 #36065] DEBUG -- : Cache is enabled!
D, [2021-08-19T22:31:29.893106 #36065] DEBUG -- : -----------Start to validate configuration's setting itmes-----------
I, [2021-08-19T22:31:29.893299 #36065]  INFO -- : Current mode is: sandbox1
I, [2021-08-19T22:33:04.694287 #37484]  INFO -- : Current mode is: sandbox
D, [2021-08-19T22:33:04.694679 #37484] DEBUG -- : Initialize cache......
D, [2021-08-19T22:33:04.694714 #37484] DEBUG -- : Cache is enabled!
D, [2021-08-19T22:33:04.695468 #37484] DEBUG -- : -----------Start to validate configuration's setting itmes-----------
D, [2021-08-19T22:33:04.695554 #37484] DEBUG -- : -----------End  to  validate configuration's setting itmes-----------
I, [2021-08-19T22:33:04.695631 #37484]  INFO -- : Current mode is: sandbox
D, [2021-08-19T22:33:04.695658 #37484] DEBUG -- : Initialize cache......
D, [2021-08-19T22:33:04.695678 #37484] DEBUG -- : Cache is enabled!
D, [2021-08-19T22:33:04.697164 #37484] DEBUG -- : -----------Start to validate configuration's setting itmes-----------
I, [2021-08-19T22:33:04.697653 #37484]  INFO -- : Current mode is: sandbox1
I, [2021-08-19T22:34:44.341717 #39839]  INFO -- : Current mode is: sandbox
D, [2021-08-19T22:34:44.342068 #39839] DEBUG -- : Initialize cache......
D, [2021-08-19T22:34:44.342095 #39839] DEBUG -- : Cache is enabled!
D, [2021-08-19T22:34:44.342936 #39839] DEBUG -- : -----------Start to validate configuration's setting itmes-----------
D, [2021-08-19T22:34:44.342995 #39839] DEBUG -- : -----------End  to  validate configuration's setting itmes-----------
I, [2021-08-19T22:34:44.343288 #39839]  INFO -- : Current mode is: sandbox
D, [2021-08-19T22:34:44.343320 #39839] DEBUG -- : Initialize cache......
D, [2021-08-19T22:34:44.343338 #39839] DEBUG -- : Cache is enabled!
D, [2021-08-19T22:34:44.344689 #39839] DEBUG -- : -----------Start to validate configuration's setting itmes-----------
I, [2021-08-19T22:34:44.345164 #39839]  INFO -- : Current mode is: sandbox1
I, [2021-08-19T22:36:40.857625 #41414]  INFO -- : Current mode is: sandbox
D, [2021-08-19T22:36:40.857664 #41414] DEBUG -- : Initialize cache......
D, [2021-08-19T22:36:40.857683 #41414] DEBUG -- : Cache is enabled!
D, [2021-08-19T22:36:40.858337 #41414] DEBUG -- : -----------Start to validate configuration's setting itmes-----------
D, [2021-08-19T22:36:40.858392 #41414] DEBUG -- : -----------End  to  validate configuration's setting itmes-----------
I, [2021-08-19T22:36:40.858480 #41414]  INFO -- : Current mode is: sandbox
D, [2021-08-19T22:36:40.858508 #41414] DEBUG -- : Initialize cache......
D, [2021-08-19T22:36:40.858527 #41414] DEBUG -- : Cache is enabled!
D, [2021-08-19T22:36:40.859394 #41414] DEBUG -- : -----------Start to validate configuration's setting itmes-----------
I, [2021-08-19T22:36:40.859599 #41414]  INFO -- : Current mode is: sandbox1
I, [2021-08-19T22:37:41.475999 #42000]  INFO -- : Current mode is: sandbox
D, [2021-08-19T22:37:41.476359 #42000] DEBUG -- : Initialize cache......
D, [2021-08-19T22:37:41.476393 #42000] DEBUG -- : Cache is enabled!
D, [2021-08-19T22:37:41.477122 #42000] DEBUG -- : -----------Start to validate configuration's setting itmes-----------
D, [2021-08-19T22:37:41.477160 #42000] DEBUG -- : -----------End  to  validate configuration's setting itmes-----------
I, [2021-08-19T22:37:41.477232 #42000]  INFO -- : Current mode is: sandbox
D, [2021-08-19T22:37:41.477258 #42000] DEBUG -- : Initialize cache......
D, [2021-08-19T22:37:41.477277 #42000] DEBUG -- : Cache is enabled!
D, [2021-08-19T22:37:41.478400 #42000] DEBUG -- : -----------Start to validate configuration's setting itmes-----------
I, [2021-08-19T22:37:41.478891 #42000]  INFO -- : Current mode is: sandbox1
I, [2021-08-19T22:38:17.101864 #42399]  INFO -- : Current mode is: sandbox
D, [2021-08-19T22:38:17.102347 #42399] DEBUG -- : Initialize cache......
D, [2021-08-19T22:38:17.102431 #42399] DEBUG -- : Cache is enabled!
D, [2021-08-19T22:38:17.105329 #42399] DEBUG -- : -----------Start to validate configuration's setting itmes-----------
D, [2021-08-19T22:38:17.105762 #42399] DEBUG -- : -----------End  to  validate configuration's setting itmes-----------
I, [2021-08-19T22:38:17.106405 #42399]  INFO -- : Current mode is: sandbox
D, [2021-08-19T22:38:17.106566 #42399] DEBUG -- : Initialize cache......
D, [2021-08-19T22:38:17.106612 #42399] DEBUG -- : Cache is enabled!
D, [2021-08-19T22:38:17.108705 #42399] DEBUG -- : -----------Start to validate configuration's setting itmes-----------
I, [2021-08-19T22:38:17.109287 #42399]  INFO -- : Current mode is: sandbox1
I, [2021-08-19T22:38:26.763938 #42526]  INFO -- : Current mode is: sandbox
D, [2021-08-19T22:38:26.763986 #42526] DEBUG -- : Initialize cache......
D, [2021-08-19T22:38:26.764009 #42526] DEBUG -- : Cache is enabled!
D, [2021-08-19T22:38:26.764944 #42526] DEBUG -- : -----------Start to validate configuration's setting itmes-----------
D, [2021-08-19T22:38:26.764999 #42526] DEBUG -- : -----------End  to  validate configuration's setting itmes-----------
I, [2021-08-19T22:38:26.765088 #42526]  INFO -- : Current mode is: sandbox
D, [2021-08-19T22:38:26.765114 #42526] DEBUG -- : Initialize cache......
D, [2021-08-19T22:38:26.765132 #42526] DEBUG -- : Cache is enabled!
D, [2021-08-19T22:38:26.766243 #42526] DEBUG -- : -----------Start to validate configuration's setting itmes-----------
I, [2021-08-19T22:38:26.766507 #42526]  INFO -- : Current mode is: sandbox1
I, [2021-08-20T16:52:14.908113 #24990]  INFO -- : Current mode is: sandbox
D, [2021-08-20T16:52:14.908784 #24990] DEBUG -- : Initialize cache......
D, [2021-08-20T16:52:14.909190 #24990] DEBUG -- : Cache is enabled!
D, [2021-08-20T16:52:14.909916 #24990] DEBUG -- : -----------Start to validate configuration's setting itmes-----------
D, [2021-08-20T16:52:14.909957 #24990] DEBUG -- : -----------End  to  validate configuration's setting itmes-----------
I, [2021-08-20T16:52:14.910032 #24990]  INFO -- : Current mode is: sandbox
D, [2021-08-20T16:52:14.910058 #24990] DEBUG -- : Initialize cache......
D, [2021-08-20T16:52:14.910075 #24990] DEBUG -- : Cache is enabled!
D, [2021-08-20T16:52:14.911382 #24990] DEBUG -- : -----------Start to validate configuration's setting itmes-----------
I, [2021-08-20T16:52:14.913160 #24990]  INFO -- : Current mode is: sandbox1
I, [2021-08-20T16:54:38.056541 #29524]  INFO -- : Current mode is: sandbox
D, [2021-08-20T16:54:38.056892 #29524] DEBUG -- : Initialize cache......
D, [2021-08-20T16:54:38.056926 #29524] DEBUG -- : Cache is enabled!
D, [2021-08-20T16:54:38.057657 #29524] DEBUG -- : -----------Start to validate configuration's setting itmes-----------
D, [2021-08-20T16:54:38.057698 #29524] DEBUG -- : -----------End  to  validate configuration's setting itmes-----------
I, [2021-08-20T16:54:38.057776 #29524]  INFO -- : Current mode is: sandbox
D, [2021-08-20T16:54:38.057804 #29524] DEBUG -- : Initialize cache......
D, [2021-08-20T16:54:38.057837 #29524] DEBUG -- : Cache is enabled!
D, [2021-08-20T16:54:38.059006 #29524] DEBUG -- : -----------Start to validate configuration's setting itmes-----------
I, [2021-08-20T16:54:38.059683 #29524]  INFO -- : Current mode is: sandbox1
I, [2021-08-20T16:55:03.589128 #29829]  INFO -- : Current mode is: sandbox
D, [2021-08-20T16:55:03.589169 #29829] DEBUG -- : Initialize cache......
D, [2021-08-20T16:55:03.589188 #29829] DEBUG -- : Cache is enabled!
D, [2021-08-20T16:55:03.589943 #29829] DEBUG -- : -----------Start to validate configuration's setting itmes-----------
D, [2021-08-20T16:55:03.589993 #29829] DEBUG -- : -----------End  to  validate configuration's setting itmes-----------
I, [2021-08-20T16:55:03.590082 #29829]  INFO -- : Current mode is: sandbox
D, [2021-08-20T16:55:03.590108 #29829] DEBUG -- : Initialize cache......
D, [2021-08-20T16:55:03.590126 #29829] DEBUG -- : Cache is enabled!
D, [2021-08-20T16:55:03.591084 #29829] DEBUG -- : -----------Start to validate configuration's setting itmes-----------
I, [2021-08-20T16:55:03.591277 #29829]  INFO -- : Current mode is: sandbox1
I, [2021-08-20T16:56:25.299584 #30564]  INFO -- : Current mode is: sandbox
D, [2021-08-20T16:56:25.299967 #30564] DEBUG -- : Initialize cache......
D, [2021-08-20T16:56:25.299996 #30564] DEBUG -- : Cache is enabled!
D, [2021-08-20T16:56:25.300634 #30564] DEBUG -- : -----------Start to validate configuration's setting itmes-----------
D, [2021-08-20T16:56:25.300671 #30564] DEBUG -- : -----------End  to  validate configuration's setting itmes-----------
I, [2021-08-20T16:56:25.300747 #30564]  INFO -- : Current mode is: sandbox
D, [2021-08-20T16:56:25.300775 #30564] DEBUG -- : Initialize cache......
D, [2021-08-20T16:56:25.300796 #30564] DEBUG -- : Cache is enabled!
D, [2021-08-20T16:56:25.302110 #30564] DEBUG -- : -----------Start to validate configuration's setting itmes-----------
I, [2021-08-20T16:56:25.302578 #30564]  INFO -- : Current mode is: sandbox1
I, [2021-08-20T17:00:24.818382 #32861]  INFO -- : Current mode is: sandbox
D, [2021-08-20T17:00:24.818740 #32861] DEBUG -- : Initialize cache......
D, [2021-08-20T17:00:24.818766 #32861] DEBUG -- : Cache is enabled!
D, [2021-08-20T17:00:24.819462 #32861] DEBUG -- : -----------Start to validate configuration's setting itmes-----------
D, [2021-08-20T17:00:24.819514 #32861] DEBUG -- : -----------End  to  validate configuration's setting itmes-----------
I, [2021-08-20T17:00:24.819591 #32861]  INFO -- : Current mode is: sandbox
D, [2021-08-20T17:00:24.819618 #32861] DEBUG -- : Initialize cache......
D, [2021-08-20T17:00:24.819636 #32861] DEBUG -- : Cache is enabled!
D, [2021-08-20T17:00:24.820873 #32861] DEBUG -- : -----------Start to validate configuration's setting itmes-----------
I, [2021-08-20T17:00:24.821618 #32861]  INFO -- : Current mode is: sandbox1
I, [2021-08-20T17:01:08.780882 #33290]  INFO -- : Current mode is: sandbox
D, [2021-08-20T17:01:08.781265 #33290] DEBUG -- : Initialize cache......
D, [2021-08-20T17:01:08.781310 #33290] DEBUG -- : Cache is enabled!
D, [2021-08-20T17:01:08.783178 #33290] DEBUG -- : -----------Start to validate configuration's setting itmes-----------
D, [2021-08-20T17:01:08.783263 #33290] DEBUG -- : -----------End  to  validate configuration's setting itmes-----------
I, [2021-08-20T17:01:08.783379 #33290]  INFO -- : Current mode is: sandbox
D, [2021-08-20T17:01:08.783408 #33290] DEBUG -- : Initialize cache......
D, [2021-08-20T17:01:08.783442 #33290] DEBUG -- : Cache is enabled!
D, [2021-08-20T17:01:08.784798 #33290] DEBUG -- : -----------Start to validate configuration's setting itmes-----------
I, [2021-08-20T17:01:08.785299 #33290]  INFO -- : Current mode is: sandbox1
I, [2021-08-20T17:20:05.023592 #46825]  INFO -- : Current mode is: sandbox
D, [2021-08-20T17:20:05.023978 #46825] DEBUG -- : Initialize cache......
D, [2021-08-20T17:20:05.024004 #46825] DEBUG -- : Cache is enabled!
D, [2021-08-20T17:20:05.024828 #46825] DEBUG -- : -----------Start to validate configuration's setting itmes-----------
D, [2021-08-20T17:20:05.024874 #46825] DEBUG -- : -----------End  to  validate configuration's setting itmes-----------
I, [2021-08-20T17:20:05.024961 #46825]  INFO -- : Current mode is: sandbox
D, [2021-08-20T17:20:05.024988 #46825] DEBUG -- : Initialize cache......
D, [2021-08-20T17:20:05.025006 #46825] DEBUG -- : Cache is enabled!
D, [2021-08-20T17:20:05.026594 #46825] DEBUG -- : -----------Start to validate configuration's setting itmes-----------
I, [2021-08-20T17:20:05.027225 #46825]  INFO -- : Current mode is: sandbox1
I, [2021-08-20T17:21:14.620959 #47476]  INFO -- : Current mode is: sandbox
D, [2021-08-20T17:21:14.621398 #47476] DEBUG -- : Initialize cache......
D, [2021-08-20T17:21:14.621448 #47476] DEBUG -- : Cache is enabled!
D, [2021-08-20T17:21:14.622601 #47476] DEBUG -- : -----------Start to validate configuration's setting itmes-----------
D, [2021-08-20T17:21:14.622712 #47476] DEBUG -- : -----------End  to  validate configuration's setting itmes-----------
I, [2021-08-20T17:21:14.622839 #47476]  INFO -- : Current mode is: sandbox
D, [2021-08-20T17:21:14.622872 #47476] DEBUG -- : Initialize cache......
D, [2021-08-20T17:21:14.622890 #47476] DEBUG -- : Cache is enabled!
D, [2021-08-20T17:21:14.624588 #47476] DEBUG -- : -----------Start to validate configuration's setting itmes-----------
I, [2021-08-20T17:21:14.625211 #47476]  INFO -- : Current mode is: sandbox1
I, [2021-08-20T17:21:51.521884 #47895]  INFO -- : Current mode is: sandbox
D, [2021-08-20T17:21:51.522363 #47895] DEBUG -- : Initialize cache......
D, [2021-08-20T17:21:51.522433 #47895] DEBUG -- : Cache is enabled!
D, [2021-08-20T17:21:51.523617 #47895] DEBUG -- : -----------Start to validate configuration's setting itmes-----------
D, [2021-08-20T17:21:51.523867 #47895] DEBUG -- : -----------End  to  validate configuration's setting itmes-----------
I, [2021-08-20T17:21:51.524015 #47895]  INFO -- : Current mode is: sandbox
D, [2021-08-20T17:21:51.524047 #47895] DEBUG -- : Initialize cache......
D, [2021-08-20T17:21:51.524066 #47895] DEBUG -- : Cache is enabled!
D, [2021-08-20T17:21:51.525473 #47895] DEBUG -- : -----------Start to validate configuration's setting itmes-----------
I, [2021-08-20T17:21:51.526041 #47895]  INFO -- : Current mode is: sandbox1
I, [2021-08-20T17:22:15.475710 #48126]  INFO -- : Current mode is: sandbox
D, [2021-08-20T17:22:15.476102 #48126] DEBUG -- : Initialize cache......
D, [2021-08-20T17:22:15.476147 #48126] DEBUG -- : Cache is enabled!
D, [2021-08-20T17:22:15.477379 #48126] DEBUG -- : -----------Start to validate configuration's setting itmes-----------
D, [2021-08-20T17:22:15.477542 #48126] DEBUG -- : -----------End  to  validate configuration's setting itmes-----------
I, [2021-08-20T17:22:15.477665 #48126]  INFO -- : Current mode is: sandbox
D, [2021-08-20T17:22:15.478140 #48126] DEBUG -- : Initialize cache......
D, [2021-08-20T17:22:15.478174 #48126] DEBUG -- : Cache is enabled!
D, [2021-08-20T17:22:15.479462 #48126] DEBUG -- : -----------Start to validate configuration's setting itmes-----------
I, [2021-08-20T17:22:15.479910 #48126]  INFO -- : Current mode is: sandbox1
I, [2021-08-20T17:23:26.024799 #50464]  INFO -- : Current mode is: sandbox
D, [2021-08-20T17:23:26.025184 #50464] DEBUG -- : Initialize cache......
D, [2021-08-20T17:23:26.025229 #50464] DEBUG -- : Cache is enabled!
D, [2021-08-20T17:23:26.026281 #50464] DEBUG -- : -----------Start to validate configuration's setting itmes-----------
D, [2021-08-20T17:23:26.026341 #50464] DEBUG -- : -----------End  to  validate configuration's setting itmes-----------
I, [2021-08-20T17:23:26.026449 #50464]  INFO -- : Current mode is: sandbox
D, [2021-08-20T17:23:26.026485 #50464] DEBUG -- : Initialize cache......
D, [2021-08-20T17:23:26.026509 #50464] DEBUG -- : Cache is enabled!
D, [2021-08-20T17:23:26.027604 #50464] DEBUG -- : -----------Start to validate configuration's setting itmes-----------
I, [2021-08-20T17:23:26.028228 #50464]  INFO -- : Current mode is: sandbox1
I, [2021-08-20T17:24:45.556167 #51184]  INFO -- : Current mode is: sandbox
D, [2021-08-20T17:24:45.556531 #51184] DEBUG -- : Initialize cache......
D, [2021-08-20T17:24:45.556570 #51184] DEBUG -- : Cache is enabled!
D, [2021-08-20T17:24:45.557497 #51184] DEBUG -- : -----------Start to validate configuration's setting itmes-----------
D, [2021-08-20T17:24:45.557539 #51184] DEBUG -- : -----------End  to  validate configuration's setting itmes-----------
I, [2021-08-20T17:24:45.557626 #51184]  INFO -- : Current mode is: sandbox
D, [2021-08-20T17:24:45.557672 #51184] DEBUG -- : Initialize cache......
D, [2021-08-20T17:24:45.557697 #51184] DEBUG -- : Cache is enabled!
D, [2021-08-20T17:24:45.558771 #51184] DEBUG -- : -----------Start to validate configuration's setting itmes-----------
I, [2021-08-20T17:24:45.559560 #51184]  INFO -- : Current mode is: sandbox1
I, [2021-08-20T17:25:27.058045 #51856]  INFO -- : Current mode is: sandbox
D, [2021-08-20T17:25:27.058342 #51856] DEBUG -- : Initialize cache......
D, [2021-08-20T17:25:27.058381 #51856] DEBUG -- : Cache is enabled!
D, [2021-08-20T17:25:27.059649 #51856] DEBUG -- : -----------Start to validate configuration's setting itmes-----------
D, [2021-08-20T17:25:27.059702 #51856] DEBUG -- : -----------End  to  validate configuration's setting itmes-----------
I, [2021-08-20T17:25:27.059795 #51856]  INFO -- : Current mode is: sandbox
D, [2021-08-20T17:25:27.059822 #51856] DEBUG -- : Initialize cache......
D, [2021-08-20T17:25:27.059839 #51856] DEBUG -- : Cache is enabled!
D, [2021-08-20T17:25:27.061344 #51856] DEBUG -- : -----------Start to validate configuration's setting itmes-----------
I, [2021-08-20T17:25:27.062147 #51856]  INFO -- : Current mode is: sandbox1
I, [2021-08-20T17:26:29.130290 #52454]  INFO -- : Current mode is: sandbox
D, [2021-08-20T17:26:29.130368 #52454] DEBUG -- : Initialize cache......
D, [2021-08-20T17:26:29.130398 #52454] DEBUG -- : Cache is enabled!
D, [2021-08-20T17:26:29.132076 #52454] DEBUG -- : -----------Start to validate configuration's setting itmes-----------
D, [2021-08-20T17:26:29.132163 #52454] DEBUG -- : -----------End  to  validate configuration's setting itmes-----------
I, [2021-08-20T17:26:29.132273 #52454]  INFO -- : Current mode is: sandbox
D, [2021-08-20T17:26:29.132306 #52454] DEBUG -- : Initialize cache......
D, [2021-08-20T17:26:29.132329 #52454] DEBUG -- : Cache is enabled!
D, [2021-08-20T17:26:29.133423 #52454] DEBUG -- : -----------Start to validate configuration's setting itmes-----------
I, [2021-08-20T17:26:29.133605 #52454]  INFO -- : Current mode is: sandbox1
I, [2021-08-20T20:08:13.144145 #59487]  INFO -- : Current mode is: sandbox
D, [2021-08-20T20:08:13.144543 #59487] DEBUG -- : Initialize cache......
D, [2021-08-20T20:08:13.144578 #59487] DEBUG -- : Cache is enabled!
D, [2021-08-20T20:08:13.145326 #59487] DEBUG -- : -----------Start to validate configuration's setting itmes-----------
D, [2021-08-20T20:08:13.145854 #59487] DEBUG -- : -----------End  to  validate configuration's setting itmes-----------
I, [2021-08-20T20:08:13.145972 #59487]  INFO -- : Current mode is: sandbox
D, [2021-08-20T20:08:13.146003 #59487] DEBUG -- : Initialize cache......
D, [2021-08-20T20:08:13.146022 #59487] DEBUG -- : Cache is enabled!
D, [2021-08-20T20:08:13.147576 #59487] DEBUG -- : -----------Start to validate configuration's setting itmes-----------
I, [2021-08-20T20:08:13.148149 #59487]  INFO -- : Current mode is: sandbox1
I, [2021-08-20T20:12:54.897872 #62154]  INFO -- : Current mode is: sandbox
D, [2021-08-20T20:12:54.898360 #62154] DEBUG -- : Initialize cache......
D, [2021-08-20T20:12:54.898395 #62154] DEBUG -- : Cache is enabled!
D, [2021-08-20T20:12:54.899264 #62154] DEBUG -- : -----------Start to validate configuration's setting itmes-----------
D, [2021-08-20T20:12:54.899306 #62154] DEBUG -- : -----------End  to  validate configuration's setting itmes-----------
I, [2021-08-20T20:12:54.899394 #62154]  INFO -- : Current mode is: sandbox
D, [2021-08-20T20:12:54.899422 #62154] DEBUG -- : Initialize cache......
D, [2021-08-20T20:12:54.899443 #62154] DEBUG -- : Cache is enabled!
D, [2021-08-20T20:12:54.900589 #62154] DEBUG -- : -----------Start to validate configuration's setting itmes-----------
I, [2021-08-20T20:12:54.901248 #62154]  INFO -- : Current mode is: sandbox1
I, [2021-08-20T20:13:04.882929 #62281]  INFO -- : Current mode is: sandbox
D, [2021-08-20T20:13:04.883235 #62281] DEBUG -- : Initialize cache......
D, [2021-08-20T20:13:04.883269 #62281] DEBUG -- : Cache is enabled!
D, [2021-08-20T20:13:04.883976 #62281] DEBUG -- : -----------Start to validate configuration's setting itmes-----------
D, [2021-08-20T20:13:04.884012 #62281] DEBUG -- : -----------End  to  validate configuration's setting itmes-----------
I, [2021-08-20T20:13:04.884086 #62281]  INFO -- : Current mode is: sandbox
D, [2021-08-20T20:13:04.884111 #62281] DEBUG -- : Initialize cache......
D, [2021-08-20T20:13:04.884131 #62281] DEBUG -- : Cache is enabled!
D, [2021-08-20T20:13:04.885197 #62281] DEBUG -- : -----------Start to validate configuration's setting itmes-----------
I, [2021-08-20T20:13:04.885711 #62281]  INFO -- : Current mode is: sandbox1
I, [2021-08-20T20:13:11.283989 #62329]  INFO -- : Current mode is: sandbox
D, [2021-08-20T20:13:11.284035 #62329] DEBUG -- : Initialize cache......
D, [2021-08-20T20:13:11.284059 #62329] DEBUG -- : Cache is enabled!
D, [2021-08-20T20:13:11.284784 #62329] DEBUG -- : -----------Start to validate configuration's setting itmes-----------
D, [2021-08-20T20:13:11.284827 #62329] DEBUG -- : -----------End  to  validate configuration's setting itmes-----------
I, [2021-08-20T20:13:11.284929 #62329]  INFO -- : Current mode is: sandbox
D, [2021-08-20T20:13:11.284961 #62329] DEBUG -- : Initialize cache......
D, [2021-08-20T20:13:11.284987 #62329] DEBUG -- : Cache is enabled!
D, [2021-08-20T20:13:11.285842 #62329] DEBUG -- : -----------Start to validate configuration's setting itmes-----------
I, [2021-08-20T20:13:11.286059 #62329]  INFO -- : Current mode is: sandbox1
I, [2021-08-20T20:25:44.181914 #70893]  INFO -- : Current mode is: sandbox
D, [2021-08-20T20:25:44.182717 #70893] DEBUG -- : Initialize cache......
D, [2021-08-20T20:25:44.182791 #70893] DEBUG -- : Cache is enabled!
D, [2021-08-20T20:25:44.185110 #70893] DEBUG -- : -----------Start to validate configuration's setting itmes-----------
D, [2021-08-20T20:25:44.185182 #70893] DEBUG -- : -----------End  to  validate configuration's setting itmes-----------
I, [2021-08-20T20:25:44.185283 #70893]  INFO -- : Current mode is: sandbox
D, [2021-08-20T20:25:44.185340 #70893] DEBUG -- : Initialize cache......
D, [2021-08-20T20:25:44.185360 #70893] DEBUG -- : Cache is enabled!
D, [2021-08-20T20:25:44.186942 #70893] DEBUG -- : -----------Start to validate configuration's setting itmes-----------
I, [2021-08-20T20:25:44.187457 #70893]  INFO -- : Current mode is: sandbox1
I, [2021-08-20T20:28:39.463677 #77274]  INFO -- : Current mode is: sandbox
D, [2021-08-20T20:28:39.464673 #77274] DEBUG -- : Initialize cache......
D, [2021-08-20T20:28:39.464733 #77274] DEBUG -- : Cache is enabled!
D, [2021-08-20T20:28:39.466635 #77274] DEBUG -- : -----------Start to validate configuration's setting itmes-----------
D, [2021-08-20T20:28:39.466707 #77274] DEBUG -- : -----------End  to  validate configuration's setting itmes-----------
I, [2021-08-20T20:28:39.466815 #77274]  INFO -- : Current mode is: sandbox
D, [2021-08-20T20:28:39.466842 #77274] DEBUG -- : Initialize cache......
D, [2021-08-20T20:28:39.466860 #77274] DEBUG -- : Cache is enabled!
D, [2021-08-20T20:28:39.468223 #77274] DEBUG -- : -----------Start to validate configuration's setting itmes-----------
I, [2021-08-20T20:28:39.468823 #77274]  INFO -- : Current mode is: sandbox1
I, [2021-08-23T16:22:13.871247 #420]  INFO -- : Current mode is: sandbox
D, [2021-08-23T16:22:13.871688 #420] DEBUG -- : Initialize cache......
D, [2021-08-23T16:22:13.871713 #420] DEBUG -- : Cache is enabled!
D, [2021-08-23T16:22:13.872391 #420] DEBUG -- : -----------Start to validate configuration's setting itmes-----------
D, [2021-08-23T16:22:13.872434 #420] DEBUG -- : -----------End  to  validate configuration's setting itmes-----------
I, [2021-08-23T16:22:13.872517 #420]  INFO -- : Current mode is: sandbox
D, [2021-08-23T16:22:13.872543 #420] DEBUG -- : Initialize cache......
D, [2021-08-23T16:22:13.872560 #420] DEBUG -- : Cache is enabled!
D, [2021-08-23T16:22:13.874027 #420] DEBUG -- : -----------Start to validate configuration's setting itmes-----------
I, [2021-08-23T16:22:13.874558 #420]  INFO -- : Current mode is: sandbox1
I, [2021-08-23T16:24:12.569104 #3352]  INFO -- : Current mode is: sandbox
D, [2021-08-23T16:24:12.569495 #3352] DEBUG -- : Initialize cache......
D, [2021-08-23T16:24:12.569539 #3352] DEBUG -- : Cache is enabled!
D, [2021-08-23T16:24:12.570758 #3352] DEBUG -- : -----------Start to validate configuration's setting itmes-----------
D, [2021-08-23T16:24:12.570852 #3352] DEBUG -- : -----------End  to  validate configuration's setting itmes-----------
I, [2021-08-23T16:24:12.571004 #3352]  INFO -- : Current mode is: sandbox
D, [2021-08-23T16:24:12.571044 #3352] DEBUG -- : Initialize cache......
D, [2021-08-23T16:24:12.571099 #3352] DEBUG -- : Cache is enabled!
D, [2021-08-23T16:24:12.572855 #3352] DEBUG -- : -----------Start to validate configuration's setting itmes-----------
I, [2021-08-23T16:24:12.573931 #3352]  INFO -- : Current mode is: sandbox1
I, [2021-08-23T16:24:46.526575 #3764]  INFO -- : Current mode is: sandbox
D, [2021-08-23T16:24:46.526935 #3764] DEBUG -- : Initialize cache......
D, [2021-08-23T16:24:46.526962 #3764] DEBUG -- : Cache is enabled!
D, [2021-08-23T16:24:46.527674 #3764] DEBUG -- : -----------Start to validate configuration's setting itmes-----------
D, [2021-08-23T16:24:46.527711 #3764] DEBUG -- : -----------End  to  validate configuration's setting itmes-----------
I, [2021-08-23T16:24:46.527787 #3764]  INFO -- : Current mode is: sandbox
D, [2021-08-23T16:24:46.527833 #3764] DEBUG -- : Initialize cache......
D, [2021-08-23T16:24:46.527853 #3764] DEBUG -- : Cache is enabled!
D, [2021-08-23T16:24:46.529045 #3764] DEBUG -- : -----------Start to validate configuration's setting itmes-----------
I, [2021-08-23T16:24:46.529548 #3764]  INFO -- : Current mode is: sandbox1
I, [2021-08-23T16:26:46.638417 #4924]  INFO -- : Current mode is: sandbox
D, [2021-08-23T16:26:46.638777 #4924] DEBUG -- : Initialize cache......
D, [2021-08-23T16:26:46.638807 #4924] DEBUG -- : Cache is enabled!
D, [2021-08-23T16:26:46.640873 #4924] DEBUG -- : -----------Start to validate configuration's setting itmes-----------
D, [2021-08-23T16:26:46.640930 #4924] DEBUG -- : -----------End  to  validate configuration's setting itmes-----------
I, [2021-08-23T16:26:46.641023 #4924]  INFO -- : Current mode is: sandbox
D, [2021-08-23T16:26:46.641055 #4924] DEBUG -- : Initialize cache......
D, [2021-08-23T16:26:46.641075 #4924] DEBUG -- : Cache is enabled!
D, [2021-08-23T16:26:46.642466 #4924] DEBUG -- : -----------Start to validate configuration's setting itmes-----------
I, [2021-08-23T16:26:46.642963 #4924]  INFO -- : Current mode is: sandbox1
I, [2021-08-23T16:27:34.331331 #5408]  INFO -- : Current mode is: sandbox
D, [2021-08-23T16:27:34.331768 #5408] DEBUG -- : Initialize cache......
D, [2021-08-23T16:27:34.331812 #5408] DEBUG -- : Cache is enabled!
D, [2021-08-23T16:27:34.332698 #5408] DEBUG -- : -----------Start to validate configuration's setting itmes-----------
D, [2021-08-23T16:27:34.332746 #5408] DEBUG -- : -----------End  to  validate configuration's setting itmes-----------
I, [2021-08-23T16:27:34.332865 #5408]  INFO -- : Current mode is: sandbox
D, [2021-08-23T16:27:34.332899 #5408] DEBUG -- : Initialize cache......
D, [2021-08-23T16:27:34.332923 #5408] DEBUG -- : Cache is enabled!
D, [2021-08-23T16:27:34.334342 #5408] DEBUG -- : -----------Start to validate configuration's setting itmes-----------
I, [2021-08-23T16:27:34.335025 #5408]  INFO -- : Current mode is: sandbox1
I, [2021-08-23T16:27:51.425422 #5567]  INFO -- : Current mode is: sandbox
D, [2021-08-23T16:27:51.425484 #5567] DEBUG -- : Initialize cache......
D, [2021-08-23T16:27:51.425516 #5567] DEBUG -- : Cache is enabled!
D, [2021-08-23T16:27:51.426945 #5567] DEBUG -- : -----------Start to validate configuration's setting itmes-----------
D, [2021-08-23T16:27:51.427055 #5567] DEBUG -- : -----------End  to  validate configuration's setting itmes-----------
I, [2021-08-23T16:27:51.427298 #5567]  INFO -- : Current mode is: sandbox
D, [2021-08-23T16:27:51.427538 #5567] DEBUG -- : Initialize cache......
D, [2021-08-23T16:27:51.427590 #5567] DEBUG -- : Cache is enabled!
D, [2021-08-23T16:27:51.429693 #5567] DEBUG -- : -----------Start to validate configuration's setting itmes-----------
I, [2021-08-23T16:27:51.430087 #5567]  INFO -- : Current mode is: sandbox1
I, [2021-08-23T16:28:17.855035 #5879]  INFO -- : Current mode is: sandbox
D, [2021-08-23T16:28:17.855414 #5879] DEBUG -- : Initialize cache......
D, [2021-08-23T16:28:17.855451 #5879] DEBUG -- : Cache is enabled!
D, [2021-08-23T16:28:17.856251 #5879] DEBUG -- : -----------Start to validate configuration's setting itmes-----------
D, [2021-08-23T16:28:17.856296 #5879] DEBUG -- : -----------End  to  validate configuration's setting itmes-----------
I, [2021-08-23T16:28:17.856390 #5879]  INFO -- : Current mode is: sandbox
D, [2021-08-23T16:28:17.856421 #5879] DEBUG -- : Initialize cache......
D, [2021-08-23T16:28:17.856442 #5879] DEBUG -- : Cache is enabled!
D, [2021-08-23T16:28:17.857756 #5879] DEBUG -- : -----------Start to validate configuration's setting itmes-----------
I, [2021-08-23T16:28:17.858258 #5879]  INFO -- : Current mode is: sandbox1
I, [2021-08-25T12:48:18.480233 #18041]  INFO -- : Current mode is: sandbox
D, [2021-08-25T12:48:18.480819 #18041] DEBUG -- : Initialize cache......
D, [2021-08-25T12:48:18.481025 #18041] DEBUG -- : Cache is enabled!
D, [2021-08-25T12:48:18.483644 #18041] DEBUG -- : -----------Start to validate configuration's setting itmes-----------
D, [2021-08-25T12:48:18.483721 #18041] DEBUG -- : -----------End  to  validate configuration's setting itmes-----------
I, [2021-08-25T12:48:18.483830 #18041]  INFO -- : Current mode is: sandbox
D, [2021-08-25T12:48:18.483859 #18041] DEBUG -- : Initialize cache......
D, [2021-08-25T12:48:18.483878 #18041] DEBUG -- : Cache is enabled!
D, [2021-08-25T12:48:18.485324 #18041] DEBUG -- : -----------Start to validate configuration's setting itmes-----------
I, [2021-08-25T12:48:18.485975 #18041]  INFO -- : Current mode is: sandbox1
I, [2021-08-25T12:49:47.456402 #18863]  INFO -- : Current mode is: sandbox
D, [2021-08-25T12:49:47.456899 #18863] DEBUG -- : Initialize cache......
D, [2021-08-25T12:49:47.457035 #18863] DEBUG -- : Cache is enabled!
D, [2021-08-25T12:49:47.458083 #18863] DEBUG -- : -----------Start to validate configuration's setting itmes-----------
D, [2021-08-25T12:49:47.458139 #18863] DEBUG -- : -----------End  to  validate configuration's setting itmes-----------
I, [2021-08-25T12:49:47.458220 #18863]  INFO -- : Current mode is: sandbox
D, [2021-08-25T12:49:47.458695 #18863] DEBUG -- : Initialize cache......
D, [2021-08-25T12:49:47.458725 #18863] DEBUG -- : Cache is enabled!
D, [2021-08-25T12:49:47.459882 #18863] DEBUG -- : -----------Start to validate configuration's setting itmes-----------
I, [2021-08-25T12:49:47.460413 #18863]  INFO -- : Current mode is: sandbox1
I, [2021-08-25T12:49:54.907636 #18982]  INFO -- : Current mode is: sandbox
D, [2021-08-25T12:49:54.907673 #18982] DEBUG -- : Initialize cache......
D, [2021-08-25T12:49:54.907695 #18982] DEBUG -- : Cache is enabled!
D, [2021-08-25T12:49:54.908949 #18982] DEBUG -- : -----------Start to validate configuration's setting itmes-----------
D, [2021-08-25T12:49:54.908993 #18982] DEBUG -- : -----------End  to  validate configuration's setting itmes-----------
I, [2021-08-25T12:49:54.909110 #18982]  INFO -- : Current mode is: sandbox
D, [2021-08-25T12:49:54.909140 #18982] DEBUG -- : Initialize cache......
D, [2021-08-25T12:49:54.909162 #18982] DEBUG -- : Cache is enabled!
D, [2021-08-25T12:49:54.910031 #18982] DEBUG -- : -----------Start to validate configuration's setting itmes-----------
I, [2021-08-25T12:49:54.910221 #18982]  INFO -- : Current mode is: sandbox1
I, [2021-08-25T12:52:02.861816 #20227]  INFO -- : Current mode is: sandbox
D, [2021-08-25T12:52:02.862177 #20227] DEBUG -- : Initialize cache......
D, [2021-08-25T12:52:02.862216 #20227] DEBUG -- : Cache is enabled!
D, [2021-08-25T12:52:02.864315 #20227] DEBUG -- : -----------Start to validate configuration's setting itmes-----------
D, [2021-08-25T12:52:02.864396 #20227] DEBUG -- : -----------End  to  validate configuration's setting itmes-----------
I, [2021-08-25T12:52:02.864517 #20227]  INFO -- : Current mode is: sandbox
D, [2021-08-25T12:52:02.864596 #20227] DEBUG -- : Initialize cache......
D, [2021-08-25T12:52:02.864635 #20227] DEBUG -- : Cache is enabled!
D, [2021-08-25T12:52:02.867399 #20227] DEBUG -- : -----------Start to validate configuration's setting itmes-----------
I, [2021-08-25T12:52:02.867989 #20227]  INFO -- : Current mode is: sandbox1
I, [2021-08-25T12:52:37.153089 #22114]  INFO -- : Current mode is: sandbox
D, [2021-08-25T12:52:37.153517 #22114] DEBUG -- : Initialize cache......
D, [2021-08-25T12:52:37.153614 #22114] DEBUG -- : Cache is enabled!
D, [2021-08-25T12:52:37.154734 #22114] DEBUG -- : -----------Start to validate configuration's setting itmes-----------
D, [2021-08-25T12:52:37.154807 #22114] DEBUG -- : -----------End  to  validate configuration's setting itmes-----------
I, [2021-08-25T12:52:37.154921 #22114]  INFO -- : Current mode is: sandbox
D, [2021-08-25T12:52:37.154958 #22114] DEBUG -- : Initialize cache......
D, [2021-08-25T12:52:37.154978 #22114] DEBUG -- : Cache is enabled!
D, [2021-08-25T12:52:37.156990 #22114] DEBUG -- : -----------Start to validate configuration's setting itmes-----------
I, [2021-08-25T12:52:37.157510 #22114]  INFO -- : Current mode is: sandbox1
I, [2021-08-25T12:52:47.906726 #22250]  INFO -- : Current mode is: sandbox
D, [2021-08-25T12:52:47.907124 #22250] DEBUG -- : Initialize cache......
D, [2021-08-25T12:52:47.907176 #22250] DEBUG -- : Cache is enabled!
D, [2021-08-25T12:52:47.909466 #22250] DEBUG -- : -----------Start to validate configuration's setting itmes-----------
D, [2021-08-25T12:52:47.909669 #22250] DEBUG -- : -----------End  to  validate configuration's setting itmes-----------
I, [2021-08-25T12:52:47.909857 #22250]  INFO -- : Current mode is: sandbox
D, [2021-08-25T12:52:47.909913 #22250] DEBUG -- : Initialize cache......
D, [2021-08-25T12:52:47.909940 #22250] DEBUG -- : Cache is enabled!
D, [2021-08-25T12:52:47.911180 #22250] DEBUG -- : -----------Start to validate configuration's setting itmes-----------
I, [2021-08-25T12:52:47.911753 #22250]  INFO -- : Current mode is: sandbox1
I, [2021-08-25T12:54:34.579488 #23298]  INFO -- : Current mode is: sandbox
D, [2021-08-25T12:54:34.579864 #23298] DEBUG -- : Initialize cache......
D, [2021-08-25T12:54:34.579901 #23298] DEBUG -- : Cache is enabled!
D, [2021-08-25T12:54:34.581797 #23298] DEBUG -- : -----------Start to validate configuration's setting itmes-----------
D, [2021-08-25T12:54:34.581932 #23298] DEBUG -- : -----------End  to  validate configuration's setting itmes-----------
I, [2021-08-25T12:54:34.582035 #23298]  INFO -- : Current mode is: sandbox
D, [2021-08-25T12:54:34.582067 #23298] DEBUG -- : Initialize cache......
D, [2021-08-25T12:54:34.582089 #23298] DEBUG -- : Cache is enabled!
D, [2021-08-25T12:54:34.583486 #23298] DEBUG -- : -----------Start to validate configuration's setting itmes-----------
I, [2021-08-25T12:54:34.583972 #23298]  INFO -- : Current mode is: sandbox1
I, [2021-08-25T12:54:42.100473 #23361]  INFO -- : Current mode is: sandbox
D, [2021-08-25T12:54:42.100543 #23361] DEBUG -- : Initialize cache......
D, [2021-08-25T12:54:42.100569 #23361] DEBUG -- : Cache is enabled!
D, [2021-08-25T12:54:42.101345 #23361] DEBUG -- : -----------Start to validate configuration's setting itmes-----------
D, [2021-08-25T12:54:42.101388 #23361] DEBUG -- : -----------End  to  validate configuration's setting itmes-----------
I, [2021-08-25T12:54:42.101476 #23361]  INFO -- : Current mode is: sandbox
D, [2021-08-25T12:54:42.101509 #23361] DEBUG -- : Initialize cache......
D, [2021-08-25T12:54:42.101531 #23361] DEBUG -- : Cache is enabled!
D, [2021-08-25T12:54:42.102440 #23361] DEBUG -- : -----------Start to validate configuration's setting itmes-----------
I, [2021-08-25T12:54:42.102631 #23361]  INFO -- : Current mode is: sandbox1
I, [2021-08-25T12:54:53.445433 #23516]  INFO -- : Current mode is: sandbox
D, [2021-08-25T12:54:53.445944 #23516] DEBUG -- : Initialize cache......
D, [2021-08-25T12:54:53.445992 #23516] DEBUG -- : Cache is enabled!
D, [2021-08-25T12:54:53.447870 #23516] DEBUG -- : -----------Start to validate configuration's setting itmes-----------
D, [2021-08-25T12:54:53.447973 #23516] DEBUG -- : -----------End  to  validate configuration's setting itmes-----------
I, [2021-08-25T12:54:53.448160 #23516]  INFO -- : Current mode is: sandbox
D, [2021-08-25T12:54:53.448205 #23516] DEBUG -- : Initialize cache......
D, [2021-08-25T12:54:53.448278 #23516] DEBUG -- : Cache is enabled!
D, [2021-08-25T12:54:53.449935 #23516] DEBUG -- : -----------Start to validate configuration's setting itmes-----------
I, [2021-08-25T12:54:53.450793 #23516]  INFO -- : Current mode is: sandbox1
I, [2021-08-25T12:55:23.475874 #23885]  INFO -- : Current mode is: sandbox
D, [2021-08-25T12:55:23.476243 #23885] DEBUG -- : Initialize cache......
D, [2021-08-25T12:55:23.476289 #23885] DEBUG -- : Cache is enabled!
D, [2021-08-25T12:55:23.478246 #23885] DEBUG -- : -----------Start to validate configuration's setting itmes-----------
D, [2021-08-25T12:55:23.478354 #23885] DEBUG -- : -----------End  to  validate configuration's setting itmes-----------
I, [2021-08-25T12:55:23.478518 #23885]  INFO -- : Current mode is: sandbox
D, [2021-08-25T12:55:23.478551 #23885] DEBUG -- : Initialize cache......
D, [2021-08-25T12:55:23.478572 #23885] DEBUG -- : Cache is enabled!
D, [2021-08-25T12:55:23.480449 #23885] DEBUG -- : -----------Start to validate configuration's setting itmes-----------
I, [2021-08-25T12:55:23.481197 #23885]  INFO -- : Current mode is: sandbox1
I, [2021-08-25T12:58:17.857713 #25551]  INFO -- : Current mode is: sandbox
D, [2021-08-25T12:58:17.858046 #25551] DEBUG -- : Initialize cache......
D, [2021-08-25T12:58:17.858073 #25551] DEBUG -- : Cache is enabled!
D, [2021-08-25T12:58:17.859657 #25551] DEBUG -- : -----------Start to validate configuration's setting itmes-----------
D, [2021-08-25T12:58:17.859709 #25551] DEBUG -- : -----------End  to  validate configuration's setting itmes-----------
I, [2021-08-25T12:58:17.859787 #25551]  INFO -- : Current mode is: sandbox
D, [2021-08-25T12:58:17.859814 #25551] DEBUG -- : Initialize cache......
D, [2021-08-25T12:58:17.859832 #25551] DEBUG -- : Cache is enabled!
D, [2021-08-25T12:58:17.860980 #25551] DEBUG -- : -----------Start to validate configuration's setting itmes-----------
I, [2021-08-25T12:58:17.861753 #25551]  INFO -- : Current mode is: sandbox1
I, [2021-08-25T13:01:44.842032 #28800]  INFO -- : Current mode is: sandbox
D, [2021-08-25T13:01:44.842138 #28800] DEBUG -- : Initialize cache......
D, [2021-08-25T13:01:44.842165 #28800] DEBUG -- : Cache is enabled!
D, [2021-08-25T13:01:44.844483 #28800] DEBUG -- : -----------Start to validate configuration's setting itmes-----------
D, [2021-08-25T13:01:44.844605 #28800] DEBUG -- : -----------End  to  validate configuration's setting itmes-----------
I, [2021-08-25T13:01:44.844736 #28800]  INFO -- : Current mode is: sandbox
D, [2021-08-25T13:01:44.844765 #28800] DEBUG -- : Initialize cache......
D, [2021-08-25T13:01:44.844784 #28800] DEBUG -- : Cache is enabled!
D, [2021-08-25T13:01:44.846963 #28800] DEBUG -- : -----------Start to validate configuration's setting itmes-----------
I, [2021-08-25T13:01:44.847601 #28800]  INFO -- : Current mode is: sandbox1
I, [2021-08-25T13:02:11.203804 #29061]  INFO -- : Current mode is: sandbox
D, [2021-08-25T13:02:11.204175 #29061] DEBUG -- : Initialize cache......
D, [2021-08-25T13:02:11.204206 #29061] DEBUG -- : Cache is enabled!
D, [2021-08-25T13:02:11.206283 #29061] DEBUG -- : -----------Start to validate configuration's setting itmes-----------
D, [2021-08-25T13:02:11.206398 #29061] DEBUG -- : -----------End  to  validate configuration's setting itmes-----------
I, [2021-08-25T13:02:11.206575 #29061]  INFO -- : Current mode is: sandbox
D, [2021-08-25T13:02:11.206631 #29061] DEBUG -- : Initialize cache......
D, [2021-08-25T13:02:11.206658 #29061] DEBUG -- : Cache is enabled!
D, [2021-08-25T13:02:11.209174 #29061] DEBUG -- : -----------Start to validate configuration's setting itmes-----------
I, [2021-08-25T13:02:11.209803 #29061]  INFO -- : Current mode is: sandbox1
I, [2021-08-25T13:04:18.013818 #31887]  INFO -- : Current mode is: sandbox
D, [2021-08-25T13:04:18.014201 #31887] DEBUG -- : Initialize cache......
D, [2021-08-25T13:04:18.014231 #31887] DEBUG -- : Cache is enabled!
D, [2021-08-25T13:04:18.015834 #31887] DEBUG -- : -----------Start to validate configuration's setting itmes-----------
D, [2021-08-25T13:04:18.015876 #31887] DEBUG -- : -----------End  to  validate configuration's setting itmes-----------
I, [2021-08-25T13:04:18.015957 #31887]  INFO -- : Current mode is: sandbox
D, [2021-08-25T13:04:18.015990 #31887] DEBUG -- : Initialize cache......
D, [2021-08-25T13:04:18.016017 #31887] DEBUG -- : Cache is enabled!
D, [2021-08-25T13:04:18.018440 #31887] DEBUG -- : -----------Start to validate configuration's setting itmes-----------
I, [2021-08-25T13:04:18.019038 #31887]  INFO -- : Current mode is: sandbox1
I, [2021-08-25T13:04:26.831733 #31998]  INFO -- : Current mode is: sandbox
D, [2021-08-25T13:04:26.833072 #31998] DEBUG -- : Initialize cache......
D, [2021-08-25T13:04:26.833113 #31998] DEBUG -- : Cache is enabled!
D, [2021-08-25T13:04:26.834052 #31998] DEBUG -- : -----------Start to validate configuration's setting itmes-----------
D, [2021-08-25T13:04:26.834100 #31998] DEBUG -- : -----------End  to  validate configuration's setting itmes-----------
I, [2021-08-25T13:04:26.834187 #31998]  INFO -- : Current mode is: sandbox
D, [2021-08-25T13:04:26.834221 #31998] DEBUG -- : Initialize cache......
D, [2021-08-25T13:04:26.834243 #31998] DEBUG -- : Cache is enabled!
D, [2021-08-25T13:04:26.835149 #31998] DEBUG -- : -----------Start to validate configuration's setting itmes-----------
I, [2021-08-25T13:04:26.835727 #31998]  INFO -- : Current mode is: sandbox1
I, [2021-08-25T13:05:01.606419 #32354]  INFO -- : Current mode is: sandbox
D, [2021-08-25T13:05:01.606996 #32354] DEBUG -- : Initialize cache......
D, [2021-08-25T13:05:01.607087 #32354] DEBUG -- : Cache is enabled!
D, [2021-08-25T13:05:01.609914 #32354] DEBUG -- : -----------Start to validate configuration's setting itmes-----------
D, [2021-08-25T13:05:01.610008 #32354] DEBUG -- : -----------End  to  validate configuration's setting itmes-----------
I, [2021-08-25T13:05:01.610094 #32354]  INFO -- : Current mode is: sandbox
D, [2021-08-25T13:05:01.610121 #32354] DEBUG -- : Initialize cache......
D, [2021-08-25T13:05:01.610139 #32354] DEBUG -- : Cache is enabled!
D, [2021-08-25T13:05:01.611475 #32354] DEBUG -- : -----------Start to validate configuration's setting itmes-----------
I, [2021-08-25T13:05:01.612025 #32354]  INFO -- : Current mode is: sandbox1
I, [2021-08-25T13:05:47.281499 #32870]  INFO -- : Current mode is: sandbox
D, [2021-08-25T13:05:47.281857 #32870] DEBUG -- : Initialize cache......
D, [2021-08-25T13:05:47.281888 #32870] DEBUG -- : Cache is enabled!
D, [2021-08-25T13:05:47.284056 #32870] DEBUG -- : -----------Start to validate configuration's setting itmes-----------
D, [2021-08-25T13:05:47.284172 #32870] DEBUG -- : -----------End  to  validate configuration's setting itmes-----------
I, [2021-08-25T13:05:47.284290 #32870]  INFO -- : Current mode is: sandbox
D, [2021-08-25T13:05:47.284319 #32870] DEBUG -- : Initialize cache......
D, [2021-08-25T13:05:47.284338 #32870] DEBUG -- : Cache is enabled!
D, [2021-08-25T13:05:47.287786 #32870] DEBUG -- : -----------Start to validate configuration's setting itmes-----------
I, [2021-08-25T13:05:47.288355 #32870]  INFO -- : Current mode is: sandbox1
I, [2021-08-25T13:07:08.477647 #33594]  INFO -- : Current mode is: sandbox
D, [2021-08-25T13:07:08.478030 #33594] DEBUG -- : Initialize cache......
D, [2021-08-25T13:07:08.478092 #33594] DEBUG -- : Cache is enabled!
D, [2021-08-25T13:07:08.480427 #33594] DEBUG -- : -----------Start to validate configuration's setting itmes-----------
D, [2021-08-25T13:07:08.480504 #33594] DEBUG -- : -----------End  to  validate configuration's setting itmes-----------
I, [2021-08-25T13:07:08.480609 #33594]  INFO -- : Current mode is: sandbox
D, [2021-08-25T13:07:08.480639 #33594] DEBUG -- : Initialize cache......
D, [2021-08-25T13:07:08.480659 #33594] DEBUG -- : Cache is enabled!
D, [2021-08-25T13:07:08.482834 #33594] DEBUG -- : -----------Start to validate configuration's setting itmes-----------
I, [2021-08-25T13:07:08.483433 #33594]  INFO -- : Current mode is: sandbox1
I, [2021-08-25T13:07:28.144109 #33816]  INFO -- : Current mode is: sandbox
D, [2021-08-25T13:07:28.144487 #33816] DEBUG -- : Initialize cache......
D, [2021-08-25T13:07:28.144523 #33816] DEBUG -- : Cache is enabled!
D, [2021-08-25T13:07:28.146603 #33816] DEBUG -- : -----------Start to validate configuration's setting itmes-----------
D, [2021-08-25T13:07:28.146707 #33816] DEBUG -- : -----------End  to  validate configuration's setting itmes-----------
I, [2021-08-25T13:07:28.146864 #33816]  INFO -- : Current mode is: sandbox
D, [2021-08-25T13:07:28.146926 #33816] DEBUG -- : Initialize cache......
D, [2021-08-25T13:07:28.146955 #33816] DEBUG -- : Cache is enabled!
D, [2021-08-25T13:07:28.149123 #33816] DEBUG -- : -----------Start to validate configuration's setting itmes-----------
I, [2021-08-25T13:07:28.149798 #33816]  INFO -- : Current mode is: sandbox1
I, [2021-08-25T13:08:19.601058 #34347]  INFO -- : Current mode is: sandbox
D, [2021-08-25T13:08:19.601408 #34347] DEBUG -- : Initialize cache......
D, [2021-08-25T13:08:19.601439 #34347] DEBUG -- : Cache is enabled!
D, [2021-08-25T13:08:19.603548 #34347] DEBUG -- : -----------Start to validate configuration's setting itmes-----------
D, [2021-08-25T13:08:19.603640 #34347] DEBUG -- : -----------End  to  validate configuration's setting itmes-----------
I, [2021-08-25T13:08:19.603768 #34347]  INFO -- : Current mode is: sandbox
D, [2021-08-25T13:08:19.603800 #34347] DEBUG -- : Initialize cache......
D, [2021-08-25T13:08:19.603820 #34347] DEBUG -- : Cache is enabled!
D, [2021-08-25T13:08:19.606423 #34347] DEBUG -- : -----------Start to validate configuration's setting itmes-----------
I, [2021-08-25T13:08:19.607013 #34347]  INFO -- : Current mode is: sandbox1
I, [2021-08-25T13:11:44.444564 #36278]  INFO -- : Current mode is: sandbox
D, [2021-08-25T13:11:44.444939 #36278] DEBUG -- : Initialize cache......
D, [2021-08-25T13:11:44.444986 #36278] DEBUG -- : Cache is enabled!
D, [2021-08-25T13:11:44.448107 #36278] DEBUG -- : -----------Start to validate configuration's setting itmes-----------
D, [2021-08-25T13:11:44.448316 #36278] DEBUG -- : -----------End  to  validate configuration's setting itmes-----------
I, [2021-08-25T13:11:44.448769 #36278]  INFO -- : Current mode is: sandbox
D, [2021-08-25T13:11:44.448886 #36278] DEBUG -- : Initialize cache......
D, [2021-08-25T13:11:44.448919 #36278] DEBUG -- : Cache is enabled!
D, [2021-08-25T13:11:44.450455 #36278] DEBUG -- : -----------Start to validate configuration's setting itmes-----------
I, [2021-08-25T13:11:44.451010 #36278]  INFO -- : Current mode is: sandbox1
I, [2021-08-25T13:12:42.241023 #36812]  INFO -- : Current mode is: sandbox
D, [2021-08-25T13:12:42.241368 #36812] DEBUG -- : Initialize cache......
D, [2021-08-25T13:12:42.241407 #36812] DEBUG -- : Cache is enabled!
D, [2021-08-25T13:12:42.243704 #36812] DEBUG -- : -----------Start to validate configuration's setting itmes-----------
D, [2021-08-25T13:12:42.243788 #36812] DEBUG -- : -----------End  to  validate configuration's setting itmes-----------
I, [2021-08-25T13:12:42.243906 #36812]  INFO -- : Current mode is: sandbox
D, [2021-08-25T13:12:42.243936 #36812] DEBUG -- : Initialize cache......
D, [2021-08-25T13:12:42.243954 #36812] DEBUG -- : Cache is enabled!
D, [2021-08-25T13:12:42.245891 #36812] DEBUG -- : -----------Start to validate configuration's setting itmes-----------
I, [2021-08-25T13:12:42.246404 #36812]  INFO -- : Current mode is: sandbox1
I, [2021-08-25T13:13:36.133184 #37382]  INFO -- : Current mode is: sandbox
D, [2021-08-25T13:13:36.133686 #37382] DEBUG -- : Initialize cache......
D, [2021-08-25T13:13:36.133762 #37382] DEBUG -- : Cache is enabled!
D, [2021-08-25T13:13:36.134620 #37382] DEBUG -- : -----------Start to validate configuration's setting itmes-----------
D, [2021-08-25T13:13:36.134662 #37382] DEBUG -- : -----------End  to  validate configuration's setting itmes-----------
I, [2021-08-25T13:13:36.134741 #37382]  INFO -- : Current mode is: sandbox
D, [2021-08-25T13:13:36.134767 #37382] DEBUG -- : Initialize cache......
D, [2021-08-25T13:13:36.134784 #37382] DEBUG -- : Cache is enabled!
D, [2021-08-25T13:13:36.135944 #37382] DEBUG -- : -----------Start to validate configuration's setting itmes-----------
I, [2021-08-25T13:13:36.136448 #37382]  INFO -- : Current mode is: sandbox1
I, [2021-08-25T13:15:30.742160 #40043]  INFO -- : Current mode is: sandbox
D, [2021-08-25T13:15:30.742709 #40043] DEBUG -- : Initialize cache......
D, [2021-08-25T13:15:30.742953 #40043] DEBUG -- : Cache is enabled!
D, [2021-08-25T13:15:30.745253 #40043] DEBUG -- : -----------Start to validate configuration's setting itmes-----------
D, [2021-08-25T13:15:30.745319 #40043] DEBUG -- : -----------End  to  validate configuration's setting itmes-----------
I, [2021-08-25T13:15:30.745403 #40043]  INFO -- : Current mode is: sandbox
D, [2021-08-25T13:15:30.745432 #40043] DEBUG -- : Initialize cache......
D, [2021-08-25T13:15:30.745451 #40043] DEBUG -- : Cache is enabled!
D, [2021-08-25T13:15:30.746795 #40043] DEBUG -- : -----------Start to validate configuration's setting itmes-----------
I, [2021-08-25T13:15:30.747344 #40043]  INFO -- : Current mode is: sandbox1
I, [2021-08-25T14:05:53.220305 #65851]  INFO -- : Current mode is: sandbox
D, [2021-08-25T14:05:53.220711 #65851] DEBUG -- : Initialize cache......
D, [2021-08-25T14:05:53.220760 #65851] DEBUG -- : Cache is enabled!
D, [2021-08-25T14:05:53.222784 #65851] DEBUG -- : -----------Start to validate configuration's setting itmes-----------
D, [2021-08-25T14:05:53.222879 #65851] DEBUG -- : -----------End  to  validate configuration's setting itmes-----------
I, [2021-08-25T14:05:53.223049 #65851]  INFO -- : Current mode is: sandbox
D, [2021-08-25T14:05:53.223106 #65851] DEBUG -- : Initialize cache......
D, [2021-08-25T14:05:53.223129 #65851] DEBUG -- : Cache is enabled!
D, [2021-08-25T14:05:53.226188 #65851] DEBUG -- : -----------Start to validate configuration's setting itmes-----------
I, [2021-08-25T14:05:53.226697 #65851]  INFO -- : Current mode is: sandbox1
I, [2021-08-25T14:10:50.267691 #70275]  INFO -- : Current mode is: sandbox
D, [2021-08-25T14:10:50.268093 #70275] DEBUG -- : Initialize cache......
D, [2021-08-25T14:10:50.268237 #70275] DEBUG -- : Cache is enabled!
D, [2021-08-25T14:10:50.270618 #70275] DEBUG -- : -----------Start to validate configuration's setting itmes-----------
D, [2021-08-25T14:10:50.270719 #70275] DEBUG -- : -----------End  to  validate configuration's setting itmes-----------
I, [2021-08-25T14:10:50.270871 #70275]  INFO -- : Current mode is: sandbox
D, [2021-08-25T14:10:50.270904 #70275] DEBUG -- : Initialize cache......
D, [2021-08-25T14:10:50.270922 #70275] DEBUG -- : Cache is enabled!
D, [2021-08-25T14:10:50.272408 #70275] DEBUG -- : -----------Start to validate configuration's setting itmes-----------
I, [2021-08-25T14:10:50.273186 #70275]  INFO -- : Current mode is: sandbox1
I, [2021-08-25T14:11:50.650056 #70865]  INFO -- : Current mode is: sandbox
D, [2021-08-25T14:11:50.650442 #70865] DEBUG -- : Initialize cache......
D, [2021-08-25T14:11:50.650498 #70865] DEBUG -- : Cache is enabled!
D, [2021-08-25T14:11:50.653003 #70865] DEBUG -- : -----------Start to validate configuration's setting itmes-----------
D, [2021-08-25T14:11:50.653233 #70865] DEBUG -- : -----------End  to  validate configuration's setting itmes-----------
I, [2021-08-25T14:11:50.653470 #70865]  INFO -- : Current mode is: sandbox
D, [2021-08-25T14:11:50.653523 #70865] DEBUG -- : Initialize cache......
D, [2021-08-25T14:11:50.653557 #70865] DEBUG -- : Cache is enabled!
D, [2021-08-25T14:11:50.655209 #70865] DEBUG -- : -----------Start to validate configuration's setting itmes-----------
I, [2021-08-25T14:11:50.655794 #70865]  INFO -- : Current mode is: sandbox1
I, [2021-08-25T14:12:23.904478 #71194]  INFO -- : Current mode is: sandbox
D, [2021-08-25T14:12:23.904871 #71194] DEBUG -- : Initialize cache......
D, [2021-08-25T14:12:23.904950 #71194] DEBUG -- : Cache is enabled!
D, [2021-08-25T14:12:23.907062 #71194] DEBUG -- : -----------Start to validate configuration's setting itmes-----------
D, [2021-08-25T14:12:23.907141 #71194] DEBUG -- : -----------End  to  validate configuration's setting itmes-----------
I, [2021-08-25T14:12:23.907279 #71194]  INFO -- : Current mode is: sandbox
D, [2021-08-25T14:12:23.907315 #71194] DEBUG -- : Initialize cache......
D, [2021-08-25T14:12:23.907354 #71194] DEBUG -- : Cache is enabled!
D, [2021-08-25T14:12:23.909318 #71194] DEBUG -- : -----------Start to validate configuration's setting itmes-----------
I, [2021-08-25T14:12:23.909798 #71194]  INFO -- : Current mode is: sandbox1
I, [2021-08-25T14:12:51.883429 #71519]  INFO -- : Current mode is: sandbox
D, [2021-08-25T14:12:51.883642 #71519] DEBUG -- : Initialize cache......
D, [2021-08-25T14:12:51.883682 #71519] DEBUG -- : Cache is enabled!
D, [2021-08-25T14:12:51.885953 #71519] DEBUG -- : -----------Start to validate configuration's setting itmes-----------
D, [2021-08-25T14:12:51.886021 #71519] DEBUG -- : -----------End  to  validate configuration's setting itmes-----------
I, [2021-08-25T14:12:51.886168 #71519]  INFO -- : Current mode is: sandbox
D, [2021-08-25T14:12:51.886204 #71519] DEBUG -- : Initialize cache......
D, [2021-08-25T14:12:51.886226 #71519] DEBUG -- : Cache is enabled!
D, [2021-08-25T14:12:51.888247 #71519] DEBUG -- : -----------Start to validate configuration's setting itmes-----------
I, [2021-08-25T14:12:51.888716 #71519]  INFO -- : Current mode is: sandbox1
I, [2021-08-25T14:13:12.778747 #71763]  INFO -- : Current mode is: sandbox
D, [2021-08-25T14:13:12.779112 #71763] DEBUG -- : Initialize cache......
D, [2021-08-25T14:13:12.779156 #71763] DEBUG -- : Cache is enabled!
D, [2021-08-25T14:13:12.781022 #71763] DEBUG -- : -----------Start to validate configuration's setting itmes-----------
D, [2021-08-25T14:13:12.781133 #71763] DEBUG -- : -----------End  to  validate configuration's setting itmes-----------
I, [2021-08-25T14:13:12.781257 #71763]  INFO -- : Current mode is: sandbox
D, [2021-08-25T14:13:12.781290 #71763] DEBUG -- : Initialize cache......
D, [2021-08-25T14:13:12.781311 #71763] DEBUG -- : Cache is enabled!
D, [2021-08-25T14:13:12.783066 #71763] DEBUG -- : -----------Start to validate configuration's setting itmes-----------
I, [2021-08-25T14:13:12.784361 #71763]  INFO -- : Current mode is: sandbox1
I, [2021-08-25T14:14:05.419466 #72298]  INFO -- : Current mode is: sandbox
D, [2021-08-25T14:14:05.419857 #72298] DEBUG -- : Initialize cache......
D, [2021-08-25T14:14:05.419894 #72298] DEBUG -- : Cache is enabled!
D, [2021-08-25T14:14:05.420792 #72298] DEBUG -- : -----------Start to validate configuration's setting itmes-----------
D, [2021-08-25T14:14:05.420881 #72298] DEBUG -- : -----------End  to  validate configuration's setting itmes-----------
I, [2021-08-25T14:14:05.420984 #72298]  INFO -- : Current mode is: sandbox
D, [2021-08-25T14:14:05.421012 #72298] DEBUG -- : Initialize cache......
D, [2021-08-25T14:14:05.421031 #72298] DEBUG -- : Cache is enabled!
D, [2021-08-25T14:14:05.422423 #72298] DEBUG -- : -----------Start to validate configuration's setting itmes-----------
I, [2021-08-25T14:14:05.423094 #72298]  INFO -- : Current mode is: sandbox1
I, [2021-08-25T14:14:26.012915 #72526]  INFO -- : Current mode is: sandbox
D, [2021-08-25T14:14:26.012968 #72526] DEBUG -- : Initialize cache......
D, [2021-08-25T14:14:26.012993 #72526] DEBUG -- : Cache is enabled!
D, [2021-08-25T14:14:26.014882 #72526] DEBUG -- : -----------Start to validate configuration's setting itmes-----------
D, [2021-08-25T14:14:26.014969 #72526] DEBUG -- : -----------End  to  validate configuration's setting itmes-----------
I, [2021-08-25T14:14:26.015102 #72526]  INFO -- : Current mode is: sandbox
D, [2021-08-25T14:14:26.015135 #72526] DEBUG -- : Initialize cache......
D, [2021-08-25T14:14:26.015157 #72526] DEBUG -- : Cache is enabled!
D, [2021-08-25T14:14:26.017007 #72526] DEBUG -- : -----------Start to validate configuration's setting itmes-----------
I, [2021-08-25T14:14:26.017275 #72526]  INFO -- : Current mode is: sandbox1
I, [2021-08-25T16:37:38.135752 #3019]  INFO -- : Current mode is: sandbox
D, [2021-08-25T16:37:38.136102 #3019] DEBUG -- : Initialize cache......
D, [2021-08-25T16:37:38.136137 #3019] DEBUG -- : Cache is enabled!
D, [2021-08-25T16:37:38.136967 #3019] DEBUG -- : -----------Start to validate configuration's setting itmes-----------
D, [2021-08-25T16:37:38.137016 #3019] DEBUG -- : -----------End  to  validate configuration's setting itmes-----------
I, [2021-08-25T16:37:38.137100 #3019]  INFO -- : Current mode is: sandbox
D, [2021-08-25T16:37:38.137126 #3019] DEBUG -- : Initialize cache......
D, [2021-08-25T16:37:38.137145 #3019] DEBUG -- : Cache is enabled!
D, [2021-08-25T16:37:38.138386 #3019] DEBUG -- : -----------Start to validate configuration's setting itmes-----------
I, [2021-08-25T16:37:38.139007 #3019]  INFO -- : Current mode is: sandbox1
